<?xml version="1.0" encoding="UTF-8"?>
<!-- Generated by org.testng.reporters.JUnitReportReporter -->
<testsuite hostname="DESKTOP-T9SLBQ8" failures="0" tests="1" name="Rahulacademy.UserUtilitiesPage" time="1.236" errors="0" timestamp="2020-06-27T18:15:14 GMT-04:00" skipped="0">
  <testcase classname="Rahulacademy.UserUtilitiesPage" name="fnScreenshot" time="1.236"/>
  <system-out/>
</testsuite> <!-- Rahulacademy.UserUtilitiesPage -->
