<?xml version="1.0" encoding="UTF-8"?>
<!-- Generated by org.testng.reporters.JUnitReportReporter -->
<testsuite hostname="DESKTOP-T9SLBQ8" failures="0" tests="1" name="Rahulacademy.UserUtilitiesTest" time="1.169" errors="0" timestamp="2020-06-27T14:32:35 GMT-04:00" skipped="0">
  <testcase classname="Rahulacademy.UserUtilitiesTest" name="screenshot" time="1.169"/>
  <system-out/>
</testsuite> <!-- Rahulacademy.UserUtilitiesTest -->
